<?xml version="1.0" encoding="UTF-8"?>
<testng-results ignored="0" total="3" passed="3" failed="0" skipped="0">
  <reporter-output>
  </reporter-output>
  <suite started-at="2022-10-17T21:46:06 BDT" name="Default suite" finished-at="2022-10-17T21:46:42 BDT" duration-ms="35372">
    <groups>
    </groups>
    <test started-at="2022-10-17T21:46:06 BDT" name="Default test" finished-at="2022-10-17T21:46:42 BDT" duration-ms="35372">
      <class name="dataprovider.readingexcel">
        <test-method is-config="true" signature="setup()[pri:0, instance:dataprovider.readingexcel@3f6b0be5]" started-at="2022-10-17T21:46:04 BDT" name="setup" finished-at="2022-10-17T21:46:06 BDT" duration-ms="2132" status="PASS">
          <reporter-output>
          </reporter-output>
        </test-method> <!-- setup -->
        <test-method signature="loginTest(java.lang.String,java.lang.String,java.lang.String)[pri:0, instance:dataprovider.readingexcel@3f6b0be5]" started-at="2022-10-17T21:46:07 BDT" name="loginTest" data-provider="loginData" finished-at="2022-10-17T21:46:22 BDT" duration-ms="14893" status="PASS">
          <params>
            <param index="0">
              <value>
                <![CDATA[hannan@orangetoolz.com]]>
              </value>
            </param>
            <param index="1">
              <value>
                <![CDATA[qwerty]]>
              </value>
            </param>
            <param index="2">
              <value>
                <![CDATA[Valid]]>
              </value>
            </param>
          </params>
          <reporter-output>
          </reporter-output>
        </test-method> <!-- loginTest -->
        <test-method signature="loginTest(java.lang.String,java.lang.String,java.lang.String)[pri:0, instance:dataprovider.readingexcel@3f6b0be5]" started-at="2022-10-17T21:46:22 BDT" name="loginTest" data-provider="loginData" finished-at="2022-10-17T21:46:32 BDT" duration-ms="9405" status="PASS">
          <params>
            <param index="0">
              <value>
                <![CDATA[abc@gmail.com]]>
              </value>
            </param>
            <param index="1">
              <value>
                <![CDATA[qwerty]]>
              </value>
            </param>
            <param index="2">
              <value>
                <![CDATA[InValid]]>
              </value>
            </param>
          </params>
          <reporter-output>
          </reporter-output>
        </test-method> <!-- loginTest -->
        <test-method signature="loginTest(java.lang.String,java.lang.String,java.lang.String)[pri:0, instance:dataprovider.readingexcel@3f6b0be5]" started-at="2022-10-17T21:46:32 BDT" name="loginTest" data-provider="loginData" finished-at="2022-10-17T21:46:42 BDT" duration-ms="9879" status="PASS">
          <params>
            <param index="0">
              <value>
                <![CDATA[hannan@orangetoolz.com]]>
              </value>
            </param>
            <param index="1">
              <value>
                <![CDATA[4353535]]>
              </value>
            </param>
            <param index="2">
              <value>
                <![CDATA[InValid]]>
              </value>
            </param>
          </params>
          <reporter-output>
          </reporter-output>
        </test-method> <!-- loginTest -->
        <test-method is-config="true" signature="teardown()[pri:0, instance:dataprovider.readingexcel@3f6b0be5]" started-at="2022-10-17T21:46:42 BDT" name="teardown" finished-at="2022-10-17T21:46:42 BDT" duration-ms="125" status="PASS">
          <reporter-output>
          </reporter-output>
        </test-method> <!-- teardown -->
      </class> <!-- dataprovider.readingexcel -->
    </test> <!-- Default test -->
  </suite> <!-- Default suite -->
</testng-results>
