<?xml version="1.0" encoding="UTF-8"?>
<!-- Generated by org.testng.reporters.JUnitXMLReporter -->
<testsuite ignored="0" hostname="AU171TX" failures="0" tests="3" name="Default test" time="35.372" errors="0" timestamp="2022-10-17T21:46:42 BDT">
  <testcase classname="dataprovider.readingexcel" name="loginTest" time="14.893"/>
  <testcase classname="dataprovider.readingexcel" name="loginTest" time="9.405"/>
  <testcase classname="dataprovider.readingexcel" name="loginTest" time="9.879"/>
</testsuite> <!-- Default test -->
